<?xml version="1.0" encoding="UTF-8"?>
<!-- Generated by org.testng.reporters.JUnitReportReporter -->
<testsuite skipped="0" hostname="sjc-mphcc" name="com.bayamp.chaya.training.testng.PasswordRegexTestNG" tests="10" failures="0" timestamp="26 Mar 2019 21:40:35 GMT" time="0.032" errors="0">
  <testcase name="positivePasswordValidation" time="0.002" classname="com.bayamp.chaya.training.testng.PasswordRegexTestNG"/>
  <testcase name="positivePasswordValidation" time="0.001" classname="com.bayamp.chaya.training.testng.PasswordRegexTestNG"/>
  <testcase name="positivePasswordValidation" time="0.020" classname="com.bayamp.chaya.training.testng.PasswordRegexTestNG"/>
  <testcase name="positivePasswordValidation" time="0.002" classname="com.bayamp.chaya.training.testng.PasswordRegexTestNG"/>
  <testcase name="positivePasswordValidation" time="0.001" classname="com.bayamp.chaya.training.testng.PasswordRegexTestNG"/>
  <testcase name="negativePasswordValidation" time="0.001" classname="com.bayamp.chaya.training.testng.PasswordRegexTestNG"/>
  <testcase name="negativePasswordValidation" time="0.001" classname="com.bayamp.chaya.training.testng.PasswordRegexTestNG"/>
  <testcase name="negativePasswordValidation" time="0.001" classname="com.bayamp.chaya.training.testng.PasswordRegexTestNG"/>
  <testcase name="negativePasswordValidation" time="0.002" classname="com.bayamp.chaya.training.testng.PasswordRegexTestNG"/>
  <testcase name="negativePasswordValidation" time="0.001" classname="com.bayamp.chaya.training.testng.PasswordRegexTestNG"/>
</testsuite> <!-- com.bayamp.chaya.training.testng.PasswordRegexTestNG -->
