<?xml version="1.0" encoding="UTF-8"?>
<!-- Generated by org.testng.reporters.JUnitReportReporter -->
<testsuite skipped="1" hostname="sjc-mphcc" name="com.bayamp.chaya.training.testng.DataProviderProgramTests1" tests="10" failures="0" timestamp="26 Mar 2019 18:40:57 GMT" time="0.042" errors="0">
  <testcase name="isPrimeValidation" time="0.003" classname="com.bayamp.chaya.training.testng.DataProviderProgramTests1"/>
  <testcase name="addNumbersTest" time="0.002" classname="com.bayamp.chaya.training.testng.DataProviderProgramTests1"/>
  <testcase name="isPrimeValidation" time="0.007" classname="com.bayamp.chaya.training.testng.DataProviderProgramTests1"/>
  <testcase name="isPrimeValidation" time="0.001" classname="com.bayamp.chaya.training.testng.DataProviderProgramTests1"/>
  <testcase name="addNumbersTest" time="0.001" classname="com.bayamp.chaya.training.testng.DataProviderProgramTests1"/>
  <testcase name="addNumbersTest" time="0.016" classname="com.bayamp.chaya.training.testng.DataProviderProgramTests1"/>
  <testcase name="addNumbersTestFromMapData" time="0.001" classname="com.bayamp.chaya.training.testng.DataProviderProgramTests1"/>
  <testcase name="addNumbersTestFromMapData" time="0.001" classname="com.bayamp.chaya.training.testng.DataProviderProgramTests1"/>
  <testcase name="addNumbersTestFromMapData" time="0.010" classname="com.bayamp.chaya.training.testng.DataProviderProgramTests1"/>
  <testcase name="addNumbersTestFromCSV" time="0.000" classname="com.bayamp.chaya.training.testng.DataProviderProgramTests1">
    <skipped/>
  </testcase> <!-- addNumbersTestFromCSV -->
</testsuite> <!-- com.bayamp.chaya.training.testng.DataProviderProgramTests1 -->
